log4j:ERROR Could not read configuration file from URL [file:/home/ubuntu/lbaas/log4j.properties].
java.io.FileNotFoundException: /home/ubuntu/lbaas/log4j.properties (No such file or directory)
	at java.io.FileInputStream.open(Native Method)
	at java.io.FileInputStream.<init>(FileInputStream.java:138)
	at java.io.FileInputStream.<init>(FileInputStream.java:97)
	at sun.net.www.protocol.file.FileURLConnection.connect(FileURLConnection.java:90)
	at sun.net.www.protocol.file.FileURLConnection.getInputStream(FileURLConnection.java:188)
	at java.net.URL.openStream(URL.java:1037)
	at org.apache.log4j.PropertyConfigurator.doConfigure(PropertyConfigurator.java:433)
	at org.apache.log4j.helpers.OptionConverter.selectAndConfigure(OptionConverter.java:468)
	at org.apache.log4j.LogManager.<clinit>(LogManager.java:122)
	at org.apache.log4j.Logger.getLogger(Logger.java:117)
	at org.pem.lbaas.Lbaas.<clinit>(Lbaas.java:12)
log4j:ERROR Ignoring configuration file [file:/home/ubuntu/lbaas/log4j.properties].
main
log4j:WARN No appenders could be found for logger (org.pem.lbaas.Lbaas).
log4j:WARN Please initialize the log4j system properly.
2012-10-24 01:52:59.452:INFO:oejs.Server:jetty-8.0.y.z-SNAPSHOT
2012-10-24 01:52:59.565:INFO:oejs.AbstractConnector:Started SelectChannelConnector@0.0.0.0:8888 STARTING
Oct 24, 2012 1:53:34 AM com.sun.jersey.api.core.PackagesResourceConfig init
INFO: Scanning for root resource and provider classes in the packages:
  org.pem.lbaas.handlers
Oct 24, 2012 1:53:35 AM com.sun.jersey.api.core.ScanningResourceConfig logClasses
INFO: Root resource classes found:
  class org.pem.lbaas.handlers.ProtocolHandler
  class org.pem.lbaas.handlers.LimitsHandler
  class org.pem.lbaas.handlers.DeviceHandler
  class org.pem.lbaas.handlers.LbaasHandler
Oct 24, 2012 1:53:35 AM com.sun.jersey.api.core.ScanningResourceConfig init
INFO: No provider classes found.
Oct 24, 2012 1:53:35 AM com.sun.jersey.server.impl.application.WebApplicationImpl _initiate
INFO: Initiating Jersey application, version 'Jersey: 1.13-b01 03/09/2012 04:28 PM'
SLF4J: Failed to load class "org.slf4j.impl.StaticLoggerBinder".
SLF4J: Defaulting to no-operation (NOP) logger implementation
SLF4J: See http://www.slf4j.org/codes.html#StaticLoggerBinder for further details.
